app/build/outputs/mapping/release/seeds.txt
com.rudisec.echocast.AiFragment
com.rudisec.echocast.EchoCastTileService
com.rudisec.echocast.MultiAudioPlayer$OnPlaybackCompletedListener
com.rudisec.echocast.MainActivity
com.rudisec.echocast.AudioPlayerFragment
com.rudisec.echocast.AudioItem
com.rudisec.echocast.EchoCastInCallService
com.rudisec.echocast.ai.ElevenLabsApi
com.rudisec.echocast.EchoCastApplication
com.rudisec.echocast.EchoCastInCallService: android.os.Handler handler
com.rudisec.echocast.AudioItem: long duration
com.rudisec.echocast.EchoCastApplication: com.rudisec.echocast.EchoCastApplication$Companion Companion
com.rudisec.echocast.EchoCastInCallService: com.rudisec.echocast.EchoCastInCallService$callback$1 callback
com.rudisec.echocast.AudioItem: boolean isEnabled
com.rudisec.echocast.EchoCastInCallService: java.lang.String TAG
com.rudisec.echocast.EchoCastApplication: java.lang.String CHANNEL_ID_PERSISTENT
com.rudisec.echocast.EchoCastInCallService: com.rudisec.echocast.Preferences prefs
com.rudisec.echocast.EchoCastInCallService: com.rudisec.echocast.EchoCastInCallService$Companion Companion
com.rudisec.echocast.EchoCastTileService: com.rudisec.echocast.Preferences prefs
com.rudisec.echocast.EchoCastInCallService: int failedNotificationId
com.rudisec.echocast.AudioItem: com.rudisec.echocast.AudioItem$Companion Companion
com.rudisec.echocast.EchoCastApplication: java.lang.String CHANNEL_ID_ALERTS
com.rudisec.echocast.EchoCastInCallService: java.util.HashMap players
com.rudisec.echocast.AudioItem: android.net.Uri uri
com.rudisec.echocast.AudioItem: java.lang.String id
com.rudisec.echocast.EchoCastInCallService: com.rudisec.echocast.AudioPlaylist playlist
com.rudisec.echocast.EchoCastInCallService: java.util.HashMap activeCalls
com.rudisec.echocast.AudioItem: java.lang.String name
com.rudisec.echocast.EchoCastInCallService: int pendingExit
com.rudisec.echocast.AudioItem: boolean isEnabled()
com.rudisec.echocast.AudioItem: long getDuration()
com.rudisec.echocast.EchoCastInCallService: android.app.Notification createPlaybackFailedNotification(java.lang.String)
com.rudisec.echocast.EchoCastInCallService: java.lang.String access$getTAG$cp()
com.rudisec.echocast.EchoCastInCallService: void onPlaybackCompleted(com.rudisec.echocast.MultiAudioPlayer)
com.rudisec.echocast.AudioItem: long component4()
com.rudisec.echocast.AudioItem: AudioItem(java.lang.String,java.lang.String,android.net.Uri,long,boolean,int,kotlin.jvm.internal.DefaultConstructorMarker)
com.rudisec.echocast.EchoCastApplication: void createPersistentChannel()
com.rudisec.echocast.EchoCastApplication: void createAlertsChannel()
com.rudisec.echocast.EchoCastInCallService: void onPlaybackCompleted()
com.rudisec.echocast.EchoCastApplication: void onCreate()
com.rudisec.echocast.EchoCastApplication: EchoCastApplication()
com.rudisec.echocast.EchoCastInCallService: void onPlaybackCompleted$lambda-10(com.rudisec.echocast.EchoCastInCallService)
com.rudisec.echocast.AudioItem: com.rudisec.echocast.AudioItem copy$default(com.rudisec.echocast.AudioItem,java.lang.String,java.lang.String,android.net.Uri,long,boolean,int,java.lang.Object)
com.rudisec.echocast.AudioItem: AudioItem(java.lang.String,java.lang.String,android.net.Uri,long,boolean)
com.rudisec.echocast.EchoCastInCallService: void startShufflePlayback(android.telecom.Call)
com.rudisec.echocast.AudioItem: boolean component5()
com.rudisec.echocast.ai.ElevenLabsApi: java.lang.Object getVoices(java.lang.String,kotlin.coroutines.Continuation)
com.rudisec.echocast.EchoCastInCallService: void onThreadExited()
com.rudisec.echocast.EchoCastInCallService: java.util.HashMap access$getPlayers$p(com.rudisec.echocast.EchoCastInCallService)
com.rudisec.echocast.EchoCastInCallService: void onPlaybackFailed$lambda-9(com.rudisec.echocast.EchoCastInCallService,java.lang.String,com.rudisec.echocast.MultiAudioPlayer)
...
androidx.core.view.ViewCompat$Api26Impl: boolean isKeyboardNavigationCluster(android.view.View)
androidx.core.view.WindowInsetsCompat$BuilderImpl20: WindowInsetsCompat$BuilderImpl20()
com.google.android.material.chip.Chip: void setCheckedIconTint(android.content.res.ColorStateList)
androidx.core.widget.TextViewCompat$Api28Impl: void setFirstBaselineToTopHeight(android.widget.TextView,int)
androidx.recyclerview.widget.RecyclerView: void setDebugAssertionsEnabled(boolean)
androidx.appcompat.widget.AppCompatCheckBox: void setSupportBackgroundTintMode(android.graphics.PorterDuff$Mode)
androidx.cardview.widget.CardView: boolean getUseCompatPadding()
com.google.android.material.floatingactionbutton.FloatingActionButton: void setImageResource(int)
com.google.android.material.textfield.TextInputLayout: java.lang.CharSequence getError()
androidx.fragment.app.Fragment: Fragment()
androidx.fragment.app.SpecialEffectsController$Operation$State: androidx.fragment.app.SpecialEffectsController$Operation$State valueOf(java.lang.String)
androidx.appcompat.widget.AppCompatReceiveContentHelper$OnDropApi24Impl: boolean onDropForView(android.view.DragEvent,android.view.View,android.app.Activity)
androidx.constraintlayout.motion.widget.MotionLayout: androidx.constraintlayout.motion.widget.MotionScene getScene()
androidx.appcompat.widget.DropDownListView: void setSelector(android.graphics.drawable.Drawable)
com.google.android.material.floatingactionbutton.FloatingActionButton: void setEnsureMinTouchTargetSize(boolean)
com.google.android.material.textfield.TextInputLayout: void setEndIconVisible(boolean)
androidx.constraintlayout.motion.widget.MotionLayout: void setState(androidx.constraintlayout.motion.widget.MotionLayout$TransitionState)
androidx.appcompat.widget.AppCompatToggleButton: android.graphics.PorterDuff$Mode getSupportBackgroundTintMode()
com.google.android.material.search.SearchView: void setAnimatedNavigationIcon(boolean)
androidx.viewpager2.widget.ViewPager2: ViewPager2(android.content.Context,android.util.AttributeSet)
androidx.appcompat.widget.ActionBarOverlayLayout: void setWindowCallback(android.view.Window$Callback)
com.google.android.material.textfield.TextInputLayout: void setPrefixTextAppearance(int)
com.google.android.material.card.MaterialCardView: MaterialCardView(android.content.Context,android.util.AttributeSet)
com.google.android.material.checkbox.MaterialCheckBox: void setButtonIconTintList(android.content.res.ColorStateList)
androidx.appcompat.widget.AppCompatMultiAutoCompleteTextView: void setBackgroundDrawable(android.graphics.drawable.Drawable)
com.google.android.material.textfield.TextInputLayout: java.lang.CharSequence getStartIconContentDescription()
com.google.android.material.appbar.AppBarLayout$BaseBehavior: AppBarLayout$BaseBehavior(android.content.Context,android.util.AttributeSet)
androidx.appcompat.widget.AppCompatToggleButton: void setBackgroundDrawable(android.graphics.drawable.Drawable)
androidx.appcompat.widget.Toolbar: int getContentInsetStart()
androidx.appcompat.widget.MenuPopupWindow$MenuDropDownListView: void setSelector(android.graphics.drawable.Drawable)
com.google.android.material.floatingactionbutton.FloatingActionButton: void setScaleX(float)
com.google.android.material.textfield.TextInputLayout: void setHintTextAppearance(int)
androidx.cardview.widget.CardView: void setPreventCornerOverlap(boolean)
androidx.core.widget.CompoundButtonCompat$Api23Impl: android.graphics.drawable.Drawable getButtonDrawable(android.widget.CompoundButton)
androidx.appcompat.widget.ActivityChooserView$InnerLayout: ActivityChooserView$InnerLayout(android.content.Context,android.util.AttributeSet)
androidx.constraintlayout.motion.widget.MotionLayout: void setProgress(float)
androidx.vectordrawable.graphics.drawable.VectorDrawableCompat$VGroup: void setRotation(float)
com.google.android.material.textfield.TextInputLayout: void setDefaultHintTextColor(android.content.res.ColorStateList)