app/build/outputs/mapping/release/usage.txt
com.rudisec.echocast.AiVoiceActivity$api$2
com.rudisec.echocast.AiVoiceActivity$generateAudio$1$1
com.rudisec.echocast.AiVoiceActivity$generateAudio$1$2
com.rudisec.echocast.AiVoiceActivity$generateAudio$1
com.rudisec.echocast.AiVoiceActivity$getOrCreateVoiceId$1
com.rudisec.echocast.AiVoiceActivity$setupUI$$inlined$addTextChangedListener$default$1
com.rudisec.echocast.AiVoiceActivity$showError$2
com.rudisec.echocast.AiVoiceActivity
com.rudisec.echocast.AudioAdapter$1
com.rudisec.echocast.AudioAdapter$2
com.rudisec.echocast.AudioAdapter:
    public synthetic void <init>(kotlin.jvm.functions.Function1,kotlin.jvm.functions.Function1,kotlin.jvm.functions.Function0,kotlin.jvm.functions.Function1,int,kotlin.jvm.internal.DefaultConstructorMarker)
    public final int getItemCount2()
com.rudisec.echocast.AudioPlaylist:
    private static final java.lang.String KEY_PLAYLIST
    private static final java.lang.String PREFS_NAME
    public final void clear()
    public final void reorderItems(java.util.List)
com.rudisec.echocast.BuildConfig
com.rudisec.echocast.MultiAudioPlayer:
    private static final long TIMEOUT
    public void <init>(android.content.Context,com.rudisec.echocast.MultiAudioPlayer$OnPlaybackCompletedListener,android.telecom.Call,java.util.List,java.lang.String)
    public synthetic void <init>(android.content.Context,com.rudisec.echocast.MultiAudioPlayer$OnPlaybackCompletedListener,android.telecom.Call,java.util.List,java.lang.String,int,kotlin.jvm.internal.DefaultConstructorMarker)
    public final void setPaused(boolean)
com.rudisec.echocast.Preferences:
    public static final java.lang.String PREF_API_KEY
    public static final java.lang.String PREF_AUTO_PLAY
    public static final java.lang.String PREF_ENABLED
    public static final java.lang.String PREF_IS_PAUSED
    public static final java.lang.String PREF_PLAY_MODE
    public static final java.lang.String PREF_SELECTED_VOICE_ID
    public static final java.lang.String PREF_VOLUME
    public final boolean getAutoPlay()
    public final java.lang.String getSelectedVoiceId()
    public final float getVolume()
    public final void setAutoPlay(boolean)
    public final void setPaused(boolean)
    public final void setSelectedVoiceId(java.lang.String)
    public final void setVolume(float)
com.rudisec.echocast.R$color
com.rudisec.echocast.R$drawable
com.rudisec.echocast.R$id
com.rudisec.echocast.R$layout
com.rudisec.echocast.R$menu
com.rudisec.echocast.R$mipmap
com.rudisec.echocast.R$string
com.rudisec.echocast.R$style
com.rudisec.echocast.R$xml
com.rudisec.echocast.R
com.rudisec.echocast.SingleAudioPlayer:
    private static final long TIMEOUT
    public synthetic void <init>(android.content.Context,com.rudisec.echocast.SingleAudioPlayer$AudioPlayerListener,android.telecom.Call,com.rudisec.echocast.AudioItem,boolean,int,kotlin.jvm.internal.DefaultConstructorMarker)
    public final void setPaused(boolean)
com.rudisec.echocast.SpeechToSpeechHandler$processAudioStream$1
com.rudisec.echocast.SpeechToSpeechHandler$sendToApiAndPlay$1
com.rudisec.echocast.SpeechToSpeechHandler$sendToApiAndPlay$4
com.rudisec.echocast.SpeechToSpeechHandler$start$1
com.rudisec.echocast.SpeechToSpeechHandler
com.rudisec.echocast.ai.ElevenLabsApi$DefaultImpls
com.rudisec.echocast.ai.ElevenLabsApi:
    public abstract java.lang.Object speechToSpeech(java.lang.String,java.lang.String,okhttp3.MultipartBody$Part,okhttp3.RequestBody,kotlin.coroutines.Continuation)
com.rudisec.echocast.ai.MiniMaxApi:
    private static final java.lang.String BASE_URL
    private static final java.lang.String DEFAULT_MODEL
...
kotlinx.coroutines.channels.ChannelResult$Companion
kotlinx.coroutines.channels.ChannelResult$Failed
kotlinx.coroutines.channels.ChannelResult
kotlinx.coroutines.channels.ChannelsKt
kotlinx.coroutines.channels.ChannelsKt__ChannelsKt$sendBlocking$1
kotlinx.coroutines.channels.ChannelsKt__ChannelsKt$trySendBlocking$2
kotlinx.coroutines.channels.ChannelsKt__ChannelsKt
kotlinx.coroutines.channels.ChannelsKt__Channels_commonKt$consumeEach$1
kotlinx.coroutines.channels.ChannelsKt__Channels_commonKt$consumeEach$3
kotlinx.coroutines.channels.ChannelsKt__Channels_commonKt$toList$1
kotlinx.coroutines.channels.ChannelsKt__Channels_commonKt
kotlinx.coroutines.channels.ChannelsKt__DeprecatedKt$any$1
kotlinx.coroutines.channels.ChannelsKt__DeprecatedKt$consumes$1
kotlinx.coroutines.channels.ChannelsKt__DeprecatedKt$consumesAll$1
kotlinx.coroutines.channels.ChannelsKt__DeprecatedKt$count$1
kotlinx.coroutines.channels.ChannelsKt__DeprecatedKt$distinct$1
kotlinx.coroutines.channels.ChannelsKt__DeprecatedKt$distinctBy$1
kotlinx.coroutines.channels.ChannelsKt__DeprecatedKt$drop$1
kotlinx.coroutines.channels.ChannelsKt__DeprecatedKt$dropWhile$1
kotlinx.coroutines.channels.ChannelsKt__DeprecatedKt$elementAt$1
kotlinx.coroutines.channels.ChannelsKt__DeprecatedKt$elementAtOrNull$1
kotlinx.coroutines.channels.ChannelsKt__DeprecatedKt$filter$1
kotlinx.coroutines.channels.ChannelsKt__DeprecatedKt$filterIndexed$1
kotlinx.coroutines.channels.ChannelsKt__DeprecatedKt$filterNot$1
kotlinx.coroutines.channels.ChannelsKt__DeprecatedKt$filterNotNull$1
kotlinx.coroutines.channels.ChannelsKt__DeprecatedKt$filterNotNullTo$1
kotlinx.coroutines.channels.ChannelsKt__DeprecatedKt$filterNotNullTo$3
kotlinx.coroutines.channels.ChannelsKt__DeprecatedKt$first$1
kotlinx.coroutines.channels.ChannelsKt__DeprecatedKt$firstOrNull$1
kotlinx.coroutines.channels.ChannelsKt__DeprecatedKt$flatMap$1
kotlinx.coroutines.channels.ChannelsKt__DeprecatedKt$indexOf$1
kotlinx.coroutines.channels.ChannelsKt__DeprecatedKt$last$1
kotlinx.coroutines.channels.ChannelsKt__DeprecatedKt$lastIndexOf$1
kotlinx.coroutines.channels.ChannelsKt__DeprecatedKt$lastOrNull$1
kotlinx.coroutines.channels.ChannelsKt__DeprecatedKt$map$1
kotlinx.coroutines.channels.ChannelsKt__DeprecatedKt$mapIndexed$1
kotlinx.coroutines.channels.ChannelsKt__DeprecatedKt$maxWith$1
kotlinx.coroutines.channels.ChannelsKt__DeprecatedKt$minWith$1
kotlinx.coroutines.channels.ChannelsKt__DeprecatedKt$none$1
kotlinx.coroutines.channels.ChannelsKt__DeprecatedKt$requireNoNulls$1
kotlinx.coroutines.channels.ChannelsKt__DeprecatedKt$single$1
kotlinx.coroutines.channels.ChannelsKt__DeprecatedKt$singleOrNull$1
kotlinx.coroutines.channels.ChannelsKt__DeprecatedKt$take$1
kotlinx.coroutines.channels.ChannelsKt__DeprecatedKt$takeWhile$1
kotlinx.coroutines.channels.ChannelsKt__DeprecatedKt$toChannel$1
kotlinx.coroutines.channels.ChannelsKt__DeprecatedKt$toCollection$1
kotlinx.coroutines.channels.ChannelsKt__DeprecatedKt$toMap$2
kotlinx.coroutines.channels.ChannelsKt__DeprecatedKt$withIndex$1
kotlinx.coroutines.channels.ChannelsKt__DeprecatedKt$zip$1
kotlinx.coroutines.channels.ChannelsKt__DeprecatedKt$zip$2
kotlinx.coroutines.channels.ChannelsKt__DeprecatedKt
kotlinx.coroutines.channels.Closed
kotlinx.coroutines.channels.ClosedReceiveChannelException
kotlinx.coroutines.channels.ClosedSendChannelException
kotlinx.coroutines.channels.ConflatedBroadcastChannel$Closed
kotlinx.coroutines.channels.ConflatedBroadcastChannel$Companion
kotlinx.coroutines.channels.ConflatedBroadcastChannel$State
kotlinx.coroutines.channels.ConflatedBroadcastChannel$Subscriber
kotlinx.coroutines.channels.ConflatedBroadcastChannel$onSend$1
kotlinx.coroutines.channels.ConflatedBroadcastChannel
kotlinx.coroutines.channels.ConflatedChannel
kotlinx.coroutines.channels.LazyActorCoroutine
kotlinx.coroutines.channels.LazyBroadcastCoroutine
kotlinx.coroutines.channels.LinkedListChannel
kotlinx.coroutines.channels.ProduceKt$awaitClose$1